<?xml version="1.0" encoding="UTF-8"?>
<!-- Generated by org.testng.reporters.JUnitXMLReporter -->
<testsuite hostname="tvc-win81" name="testngTest" tests="2" failures="0" timestamp="3 Oct 2018 15:30:05 GMT" time="0.01" errors="0">
  <testcase name="@BeforeSuite browserSetUp" time="0.0" classname="tvc.Login">
    <failure type="java.lang.IllegalAccessError" message="tried to access method com.google.common.util.concurrent.SimpleTimeLimiter.&amp;lt;init&amp;gt;(Ljava/util/concurrent/ExecutorService;)V from class org.openqa.selenium.net.UrlChecker">
      <![CDATA[java.lang.IllegalAccessError: tried to access method com.google.common.util.concurrent.SimpleTimeLimiter.<init>(Ljava/util/concurrent/ExecutorService;)V from class org.openqa.selenium.net.UrlChecker
	at org.openqa.selenium.net.UrlChecker.<init>(UrlChecker.java:67)
	at org.openqa.selenium.remote.service.DriverService.waitUntilAvailable(DriverService.java:175)
	at org.openqa.selenium.remote.service.DriverService.start(DriverService.java:166)
	at org.openqa.selenium.remote.service.DriverCommandExecutor.execute(DriverCommandExecutor.java:78)
	at org.openqa.selenium.remote.RemoteWebDriver.execute(RemoteWebDriver.java:644)
	at org.openqa.selenium.remote.RemoteWebDriver.startSession(RemoteWebDriver.java:249)
	at org.openqa.selenium.remote.RemoteWebDriver.<init>(RemoteWebDriver.java:131)
	at org.openqa.selenium.remote.RemoteWebDriver.<init>(RemoteWebDriver.java:144)
	at org.openqa.selenium.chrome.ChromeDriver.<init>(ChromeDriver.java:170)
	at org.openqa.selenium.chrome.ChromeDriver.<init>(ChromeDriver.java:159)
	at org.openqa.selenium.chrome.ChromeDriver.<init>(ChromeDriver.java:148)
	at tvc.Login.browserSetUp(Login.java:37)
... Removed 17 stack frames]]>
    </failure>
  </testcase> <!-- @BeforeSuite browserSetUp -->
  <testcase name="loginHelium" time="0.0" classname="tvc.Login">
    <skipped/>
  </testcase> <!-- loginHelium -->
  <testcase name="tvcLogin" time="0.0" classname="tvc.Login">
    <skipped/>
  </testcase> <!-- tvcLogin -->
</testsuite> <!-- testngTest -->
