<?xml version="1.0" encoding="UTF-8"?>
<testng-results skipped="2" failed="0" total="2" passed="0">
  <reporter-output>
    <line>
      <![CDATA[ Chrome Browser session started]]>
    </line>
  </reporter-output>
  <suite name="Automation" duration-ms="10" started-at="2018-10-03T15:30:05Z" finished-at="2018-10-03T15:30:05Z">
    <groups>
    </groups>
    <test name="testngTest" duration-ms="10" started-at="2018-10-03T15:30:05Z" finished-at="2018-10-03T15:30:05Z">
      <class name="tvc.Login">
        <test-method status="FAIL" signature="browserSetUp(java.lang.String)[pri:0, instance:tvc.Login@483bf400]" name="browserSetUp" is-config="true" duration-ms="0" started-at="2018-10-03T17:30:04Z" finished-at="2018-10-03T17:30:04Z">
          <params>
            <param index="0">
              <value>
                <![CDATA[chrome]]>
              </value>
            </param>
          </params>
          <exception class="java.lang.IllegalAccessError">
            <message>
              <![CDATA[tried to access method com.google.common.util.concurrent.SimpleTimeLimiter.<init>(Ljava/util/concurrent/ExecutorService;)V from class org.openqa.selenium.net.UrlChecker]]>
            </message>
            <full-stacktrace>
              <![CDATA[java.lang.IllegalAccessError: tried to access method com.google.common.util.concurrent.SimpleTimeLimiter.<init>(Ljava/util/concurrent/ExecutorService;)V from class org.openqa.selenium.net.UrlChecker
	at org.openqa.selenium.net.UrlChecker.<init>(UrlChecker.java:67)
	at org.openqa.selenium.remote.service.DriverService.waitUntilAvailable(DriverService.java:175)
	at org.openqa.selenium.remote.service.DriverService.start(DriverService.java:166)
	at org.openqa.selenium.remote.service.DriverCommandExecutor.execute(DriverCommandExecutor.java:78)
	at org.openqa.selenium.remote.RemoteWebDriver.execute(RemoteWebDriver.java:644)
	at org.openqa.selenium.remote.RemoteWebDriver.startSession(RemoteWebDriver.java:249)
	at org.openqa.selenium.remote.RemoteWebDriver.<init>(RemoteWebDriver.java:131)
	at org.openqa.selenium.remote.RemoteWebDriver.<init>(RemoteWebDriver.java:144)
	at org.openqa.selenium.chrome.ChromeDriver.<init>(ChromeDriver.java:170)
	at org.openqa.selenium.chrome.ChromeDriver.<init>(ChromeDriver.java:159)
	at org.openqa.selenium.chrome.ChromeDriver.<init>(ChromeDriver.java:148)
	at tvc.Login.browserSetUp(Login.java:37)
	at sun.reflect.NativeMethodAccessorImpl.invoke0(Native Method)
	at sun.reflect.NativeMethodAccessorImpl.invoke(Unknown Source)
	at sun.reflect.DelegatingMethodAccessorImpl.invoke(Unknown Source)
	at java.lang.reflect.Method.invoke(Unknown Source)
	at org.testng.internal.MethodInvocationHelper.invokeMethod(MethodInvocationHelper.java:85)
	at org.testng.internal.Invoker.invokeConfigurationMethod(Invoker.java:510)
	at org.testng.internal.Invoker.invokeConfigurations(Invoker.java:211)
	at org.testng.internal.Invoker.invokeConfigurations(Invoker.java:138)
	at org.testng.SuiteRunner.privateRun(SuiteRunner.java:298)
	at org.testng.SuiteRunner.run(SuiteRunner.java:261)
	at org.testng.SuiteRunnerWorker.runSuite(SuiteRunnerWorker.java:52)
	at org.testng.SuiteRunnerWorker.run(SuiteRunnerWorker.java:86)
	at org.testng.TestNG.runSuitesSequentially(TestNG.java:1215)
	at org.testng.TestNG.runSuitesLocally(TestNG.java:1140)
	at org.testng.TestNG.run(TestNG.java:1048)
	at org.testng.TestNG.privateMain(TestNG.java:1355)
	at org.testng.TestNG.main(TestNG.java:1324)
]]>
            </full-stacktrace>
          </exception> <!-- java.lang.IllegalAccessError -->
          <reporter-output>
            <line>
              <![CDATA[ Chrome Browser session started]]>
            </line>
          </reporter-output>
        </test-method> <!-- browserSetUp -->
        <test-method status="SKIP" signature="loginHelium()[pri:0, instance:tvc.Login@483bf400]" name="loginHelium" duration-ms="0" started-at="2018-10-03T17:30:05Z" finished-at="2018-10-03T17:30:05Z">
          <reporter-output>
          </reporter-output>
        </test-method> <!-- loginHelium -->
        <test-method status="SKIP" signature="tvcLogin()[pri:0, instance:tvc.Login@483bf400]" name="tvcLogin" duration-ms="0" started-at="2018-10-03T17:30:05Z" finished-at="2018-10-03T17:30:05Z">
          <reporter-output>
          </reporter-output>
        </test-method> <!-- tvcLogin -->
        <test-method status="SKIP" signature="logOut()[pri:0, instance:tvc.Login@483bf400]" name="logOut" is-config="true" duration-ms="0" started-at="2018-10-03T17:30:05Z" finished-at="2018-10-03T17:30:05Z">
          <reporter-output>
          </reporter-output>
        </test-method> <!-- logOut -->
      </class> <!-- tvc.Login -->
    </test> <!-- testngTest -->
  </suite> <!-- Automation -->
</testng-results>
